0 info it worked if it ends with ok
1 verbose cli [ '/usr/local/Cellar/node/5.1.0/bin/node',
1 verbose cli   '/usr/local/bin/npm',
1 verbose cli   'start' ]
2 info using npm@3.8.3
3 info using node@v5.6.0
4 verbose run-script [ 'prestart', 'start', 'poststart' ]
5 info lifecycle coding_challenge@~prestart: coding_challenge@
6 silly lifecycle coding_challenge@~prestart: no script for prestart, continuing
7 info lifecycle coding_challenge@~start: coding_challenge@
8 verbose lifecycle coding_challenge@~start: unsafe-perm in lifecycle true
9 verbose lifecycle coding_challenge@~start: PATH: /usr/local/lib/node_modules/npm/bin/node-gyp-bin:/Users/johnanthony/Desktop/jobSearch/codingChallenges/twitterStreamin/project/node_modules/.bin:/usr/local/Cellar/node/5.1.0/bin:/Users/johnanthony/Desktop/jobSearch/codingChallenges/twitterStreamin/project/env/bin:/Library/Frameworks/Python.framework/Versions/2.7/bin:/Library/Frameworks/Python.framework/Versions/3.5/bin:/usr/bin:/bin:/usr/sbin:/sbin:/usr/local/bin:/usr/local/git/bin:/Users/johnanthony/bin
10 verbose lifecycle coding_challenge@~start: CWD: /Users/johnanthony/Desktop/jobSearch/codingChallenges/twitterStreamin/project
11 silly lifecycle coding_challenge@~start: Args: [ '-c', 'python consumer.py & rq worker & python server.py' ]
12 silly lifecycle coding_challenge@~start: Returned: code: 1  signal: null
13 info lifecycle coding_challenge@~start: Failed to exec start script
14 verbose stack Error: coding_challenge@ start: `python consumer.py & rq worker & python server.py`
14 verbose stack Exit status 1
14 verbose stack     at EventEmitter.<anonymous> (/usr/local/lib/node_modules/npm/lib/utils/lifecycle.js:239:16)
14 verbose stack     at emitTwo (events.js:100:13)
14 verbose stack     at EventEmitter.emit (events.js:185:7)
14 verbose stack     at ChildProcess.<anonymous> (/usr/local/lib/node_modules/npm/lib/utils/spawn.js:24:14)
14 verbose stack     at emitTwo (events.js:100:13)
14 verbose stack     at ChildProcess.emit (events.js:185:7)
14 verbose stack     at maybeClose (internal/child_process.js:827:16)
14 verbose stack     at Process.ChildProcess._handle.onexit (internal/child_process.js:211:5)
15 verbose pkgid coding_challenge@
16 verbose cwd /Users/johnanthony/Desktop/jobSearch/codingChallenges/twitterStreamin/project
17 error Darwin 15.0.0
18 error argv "/usr/local/Cellar/node/5.1.0/bin/node" "/usr/local/bin/npm" "start"
19 error node v5.6.0
20 error npm  v3.8.3
21 error code ELIFECYCLE
22 error coding_challenge@ start: `python consumer.py & rq worker & python server.py`
22 error Exit status 1
23 error Failed at the coding_challenge@ start script 'python consumer.py & rq worker & python server.py'.
23 error Make sure you have the latest version of node.js and npm installed.
23 error If you do, this is most likely a problem with the coding_challenge package,
23 error not with npm itself.
23 error Tell the author that this fails on your system:
23 error     python consumer.py & rq worker & python server.py
23 error You can get information on how to open an issue for this project with:
23 error     npm bugs coding_challenge
23 error Or if that isn't available, you can get their info via:
23 error     npm owner ls coding_challenge
23 error There is likely additional logging output above.
24 verbose exit [ 1, true ]
